setting 'ivy.default.settings.dir' to 'jar:file:/D:/sbt/bin/sbt-launch.jar!/org/apache/ivy/core/settings'
setting 'ivy.basedir' to 'C:\Users\ylzou\Desktop\untitled\.'
setting 'ivy.default.conf.dir' to 'jar:file:/D:/sbt/bin/sbt-launch.jar!/org/apache/ivy/core/settings'
impossible to define new type: class not found: org.apache.ivy.plugins.resolver.SshResolver in [] nor Ivy classloader
impossible to define new type: class not found: org.apache.ivy.plugins.resolver.VsftpResolver in [] nor Ivy classloader
impossible to define new type: class not found: org.apache.ivy.plugins.version.PatternVersionMatcher in [] nor Ivy classloader
impossible to define new type: class not found: org.apache.ivy.plugins.trigger.LogTrigger in [] nor Ivy classloader
impossible to define new type: class not found: org.apache.ivy.ant.AntBuildTrigger in [] nor Ivy classloader
impossible to define new type: class not found: org.apache.ivy.plugins.resolver.IvyRepResolver in [] nor Ivy classloader
impossible to define new type: class not found: org.apache.ivy.plugins.signer.bouncycastle.OpenPGPSignatureGenerator in [] nor Ivy classloader
impossible to define new type: class not found: org.apache.ivy.plugins.conflict.RegexpConflictManager in [] nor Ivy classloader
impossible to define new type: class not found: org.apache.ivy.plugins.resolver.SFTPResolver in [] nor Ivy classloader
impossible to define new type: class not found: org.apache.ivy.osgi.updatesite.UpdateSiteResolver in [] nor Ivy classloader
impossible to define new type: class not found: org.apache.ivy.ant.AntCallTrigger in [] nor Ivy classloader
impossible to define new type: class not found: org.apache.ivy.plugins.resolver.MirroredURLResolver in [] nor Ivy classloader
impossible to define new type: class not found: org.apache.ivy.plugins.resolver.packager.PackagerResolver in [] nor Ivy classloader
impossible to define new type: class not found: org.apache.ivy.plugins.resolver.DualResolver in [] nor Ivy classloader
impossible to define new type: class not found: org.apache.ivy.plugins.resolver.VfsResolver in [] nor Ivy classloader
impossible to define new type: class not found: org.apache.ivy.plugins.resolver.JarResolver in [] nor Ivy classloader
impossible to define new type: class not found: org.apache.ivy.osgi.obr.OBRResolver in [] nor Ivy classloader
impossible to define glob matcher: org.apache.ivy.plugins.matcher.GlobPatternMatcher was not found.
setting 'jline.esc.timeout' to '0'
setting 'sbt.ivy.home' to 'D:/sbt/data/.ivy2'
setting 'java.runtime.name' to 'Java(TM) SE Runtime Environment'
setting 'sun.boot.library.path' to 'D:\java\jre\bin'
setting 'java.vm.version' to '25.181-b13'
setting 'sbt.global.base' to 'D:/sbt/data/.sbt'
setting 'jline.terminal' to 'jline.UnsupportedTerminal'
setting 'java.vm.vendor' to 'Oracle Corporation'
setting 'java.vendor.url' to 'http://java.oracle.com/'
setting 'path.separator' to ';'
setting 'java.vm.name' to 'Java HotSpot(TM) 64-Bit Server VM'
setting 'file.encoding.pkg' to 'sun.io'
setting 'user.country' to 'CN'
setting 'user.script' to ''
setting 'sun.java.launcher' to 'SUN_STANDARD'
setting 'sun.os.patch.level' to ''
setting 'java.vm.specification.name' to 'Java Virtual Machine Specification'
setting 'user.dir' to 'C:\Users\ylzou\Desktop\untitled'
setting 'java.runtime.version' to '1.8.0_181-b13'
setting 'java.awt.graphicsenv' to 'sun.awt.Win32GraphicsEnvironment'
setting 'idea.managed' to 'true'
setting 'java.endorsed.dirs' to 'D:\java\jre\lib\endorsed'
setting 'os.arch' to 'amd64'
setting 'java.io.tmpdir' to 'C:\Users\ylzou\AppData\Local\Temp\'
setting 'line.separator' to '
'
setting 'java.vm.specification.vendor' to 'Oracle Corporation'
setting 'user.variant' to ''
setting 'os.name' to 'Windows 10'
setting 'sbt.log.noformat' to 'true'
setting 'sun.jnu.encoding' to 'GBK'
setting 'java.library.path' to 'D:\java\bin;C:\Windows\Sun\Java\bin;C:\Windows\system32;C:\Windows;C:\Program Files (x86)\Common Files\Oracle\Java\javapath;C:\Windows\system32;C:\Windows;C:\Windows\System32\Wbem;C:\Windows\System32\WindowsPowerShell\v1.0\;D:\scala\bin;D:\sbt\bin;D:\putty\;D:\Git\cmd;C:\Users\ylzou\AppData\Local\Microsoft\WindowsApps;;.'
setting 'sbt.repository.secure' to 'false'
setting 'java.specification.name' to 'Java Platform API Specification'
setting 'java.class.version' to '52.0'
setting 'sun.management.compiler' to 'HotSpot 64-Bit Tiered Compilers'
setting 'os.version' to '10.0'
setting 'user.home' to 'C:\Users\ylzou'
setting 'user.timezone' to ''
setting 'java.awt.printerjob' to 'sun.awt.windows.WPrinterJob'
setting 'file.encoding' to 'UTF-8'
setting 'java.specification.version' to '1.8'
setting 'sbt.log.format' to 'true'
setting 'sbt.repository.config' to 'D:/sbt/conf/repo.properties'
setting 'java.class.path' to 'D:/sbt/bin/sbt-launch.jar'
setting 'user.name' to 'ylzou'
setting 'jline.shutdownhook' to 'false'
setting 'java.vm.specification.version' to '1.8'
setting 'sun.java.command' to 'D:/sbt/bin/sbt-launch.jar'
setting 'java.home' to 'D:\java\jre'
setting 'sun.arch.data.model' to '64'
setting 'user.language' to 'zh'
setting 'java.specification.vendor' to 'Oracle Corporation'
setting 'awt.toolkit' to 'sun.awt.windows.WToolkit'
setting 'java.vm.info' to 'mixed mode'
setting 'java.version' to '1.8.0_181'
setting 'java.ext.dirs' to 'D:\java\jre\lib\ext;C:\Windows\Sun\Java\lib\ext'
setting 'sun.boot.class.path' to 'D:\java\jre\lib\resources.jar;D:\java\jre\lib\rt.jar;D:\java\jre\lib\sunrsasign.jar;D:\java\jre\lib\jsse.jar;D:\java\jre\lib\jce.jar;D:\java\jre\lib\charsets.jar;D:\java\jre\lib\jfr.jar;D:\java\jre\classes'
setting 'java.vendor' to 'Oracle Corporation'
setting 'file.separator' to '\'
setting 'java.vendor.url.bug' to 'http://bugreport.sun.com/bugreport/'
setting 'sun.io.unicode.encoding' to 'UnicodeLittle'
setting 'sun.cpu.endian' to 'little'
setting 'sbt.boot.directory' to 'D:/sbt/data/boot/'
setting 'sun.desktop' to 'windows'
setting 'sun.cpu.isalist' to 'amd64'
setting 'ivy.default.ivy.user.dir' to 'D:\sbt\data\.ivy2'
setting 'ivy.home' to 'D:\sbt\data\.ivy2'
setting 'ivy.cache.dir' to 'D:\sbt\data\.ivy2\cache'
no default cache defined: set to D:\sbt\data\.ivy2\cache
setting 'ivy.checksums' to 'sha1,md5'
setting 'ivy.basedir' to 'D:\sbt\data\boot'
setting 'basedir' to 'D:\sbt\data\boot'
:: resolving dependencies :: org.scala-sbt#boot-app;1.0
	confs: [default]
	validate = true
	refresh = false
resolving dependencies for configuration 'default'
== resolving dependencies for org.scala-sbt#boot-app;1.0 [default]
loadData of org.scala-sbt#boot-app;1.0 of rootConf=default
== resolving dependencies org.scala-sbt#boot-app;1.0->org.scala-sbt#sbt;1.1.2 [default->default(compile)]
loadData of org.scala-sbt#sbt;1.1.2 of rootConf=default
	using redefined-public to resolve org.scala-sbt#sbt;1.1.2
redefined-public: Checking cache for: dependency: org.scala-sbt#sbt;1.1.2 {default=[default(compile)]}
redefined-public: no namespace defined: using system
	no ivy file in cache for org.scala-sbt#sbt;1.1.2: tried D:\sbt\data\.ivy2\cache\org.scala-sbt\sbt\ivy-1.1.2.xml
redefined-public: no latest strategy defined: using default
local: no namespace defined: using system
	no ivy file in cache for org.scala-sbt#sbt;1.1.2: tried D:\sbt\data\.ivy2\cache\org.scala-sbt\sbt\ivy-1.1.2.xml
	 trying D:\sbt\data\.ivy2\local\org.scala-sbt\sbt\1.1.2\ivys\ivy.xml
		tried D:\sbt\data\.ivy2\local\org.scala-sbt\sbt\1.1.2\ivys\ivy.xml
	local: resource not reachable for org.scala-sbt#sbt;1.1.2: res=D:\sbt\data\.ivy2\local\org.scala-sbt\sbt\1.1.2\ivys\ivy.xml
	 trying D:\sbt\data\.ivy2\local\org.scala-sbt\sbt\1.1.2\jars\sbt.jar
		tried D:\sbt\data\.ivy2\local\org.scala-sbt\sbt\1.1.2\jars\sbt.jar
	local: resource not reachable for org.scala-sbt#sbt;1.1.2: res=D:\sbt\data\.ivy2\local\org.scala-sbt\sbt\1.1.2\jars\sbt.jar
	local: no ivy file nor artifact found for org.scala-sbt#sbt;1.1.2
aliyun: no namespace defined: using system
	no ivy file in cache for org.scala-sbt#sbt;1.1.2: tried D:\sbt\data\.ivy2\cache\org.scala-sbt\sbt\ivy-1.1.2.xml
	 trying http://maven.aliyun.com/nexus/content/groups/public/org/scala-sbt/sbt/1.1.2/sbt-1.1.2.pom
		tried http://maven.aliyun.com/nexus/content/groups/public/org/scala-sbt/sbt/1.1.2/sbt-1.1.2.pom
ERROR: Server access Error: Connection timed out: connect url=http://maven.aliyun.com/nexus/content/groups/public/org/scala-sbt/sbt/1.1.2/sbt-1.1.2.pom
	aliyun: resource not reachable for org/scala-sbt#sbt;1.1.2: res=http://maven.aliyun.com/nexus/content/groups/public/org/scala-sbt/sbt/1.1.2/sbt-1.1.2.pom
	 trying http://maven.aliyun.com/nexus/content/groups/public/org/scala-sbt/sbt/1.1.2/sbt-1.1.2.jar
		tried http://maven.aliyun.com/nexus/content/groups/public/org/scala-sbt/sbt/1.1.2/sbt-1.1.2.jar
ERROR: Server access Error: Connection timed out: connect url=http://maven.aliyun.com/nexus/content/groups/public/org/scala-sbt/sbt/1.1.2/sbt-1.1.2.jar
	aliyun: resource not reachable for org/scala-sbt#sbt;1.1.2: res=http://maven.aliyun.com/nexus/content/groups/public/org/scala-sbt/sbt/1.1.2/sbt-1.1.2.jar
	aliyun: no ivy file nor artifact found for org.scala-sbt#sbt;1.1.2
typesafe: no namespace defined: using system
	no ivy file in cache for org.scala-sbt#sbt;1.1.2: tried D:\sbt\data\.ivy2\cache\org.scala-sbt\sbt\ivy-1.1.2.xml
	 trying http://repo.typesafe.com/typesafe/ivy-releases/org.scala-sbt/sbt/1.1.2/ivys/ivy.xml
		tried http://repo.typesafe.com/typesafe/ivy-releases/org.scala-sbt/sbt/1.1.2/ivys/ivy.xml
ERROR: Server access Error: Connection timed out: connect url=http://repo.typesafe.com/typesafe/ivy-releases/org.scala-sbt/sbt/1.1.2/ivys/ivy.xml
	typesafe: resource not reachable for org.scala-sbt#sbt;1.1.2: res=http://repo.typesafe.com/typesafe/ivy-releases/org.scala-sbt/sbt/1.1.2/ivys/ivy.xml
	typesafe: no ivy file found for org.scala-sbt#sbt;1.1.2
Sonatype Releases Repository: no namespace defined: using system
	no ivy file in cache for org.scala-sbt#sbt;1.1.2: tried D:\sbt\data\.ivy2\cache\org.scala-sbt\sbt\ivy-1.1.2.xml
	 trying https://oss.sonatype.org/content/repositories/releases/org/scala-sbt/sbt/1.1.2/sbt-1.1.2.pom
		tried https://oss.sonatype.org/content/repositories/releases/org/scala-sbt/sbt/1.1.2/sbt-1.1.2.pom
ERROR: Server access Error: Connection timed out: connect url=https://oss.sonatype.org/content/repositories/releases/org/scala-sbt/sbt/1.1.2/sbt-1.1.2.pom
	Sonatype Releases Repository: resource not reachable for org/scala-sbt#sbt;1.1.2: res=https://oss.sonatype.org/content/repositories/releases/org/scala-sbt/sbt/1.1.2/sbt-1.1.2.pom
	 trying https://oss.sonatype.org/content/repositories/releases/org/scala-sbt/sbt/1.1.2/sbt-1.1.2.jar
		tried https://oss.sonatype.org/content/repositories/releases/org/scala-sbt/sbt/1.1.2/sbt-1.1.2.jar
ERROR: Server access Error: Connection timed out: connect url=https://oss.sonatype.org/content/repositories/releases/org/scala-sbt/sbt/1.1.2/sbt-1.1.2.jar
	Sonatype Releases Repository: resource not reachable for org/scala-sbt#sbt;1.1.2: res=https://oss.sonatype.org/content/repositories/releases/org/scala-sbt/sbt/1.1.2/sbt-1.1.2.jar
	Sonatype Releases Repository: no ivy file nor artifact found for org.scala-sbt#sbt;1.1.2
Maven Central: no namespace defined: using system
	no ivy file in cache for org.scala-sbt#sbt;1.1.2: tried D:\sbt\data\.ivy2\cache\org.scala-sbt\sbt\ivy-1.1.2.xml
	 trying http://repo1.maven.org/maven2/org/scala-sbt/sbt/1.1.2/sbt-1.1.2.pom
		tried http://repo1.maven.org/maven2/org/scala-sbt/sbt/1.1.2/sbt-1.1.2.pom
ERROR: Server access Error: Connection timed out: connect url=http://repo1.maven.org/maven2/org/scala-sbt/sbt/1.1.2/sbt-1.1.2.pom
	Maven Central: resource not reachable for org/scala-sbt#sbt;1.1.2: res=http://repo1.maven.org/maven2/org/scala-sbt/sbt/1.1.2/sbt-1.1.2.pom
	 trying http://repo1.maven.org/maven2/org/scala-sbt/sbt/1.1.2/sbt-1.1.2.jar
		tried http://repo1.maven.org/maven2/org/scala-sbt/sbt/1.1.2/sbt-1.1.2.jar
ERROR: Server access Error: Connection timed out: connect url=http://repo1.maven.org/maven2/org/scala-sbt/sbt/1.1.2/sbt-1.1.2.jar
	Maven Central: resource not reachable for org/scala-sbt#sbt;1.1.2: res=http://repo1.maven.org/maven2/org/scala-sbt/sbt/1.1.2/sbt-1.1.2.jar
	Maven Central: no ivy file nor artifact found for org.scala-sbt#sbt;1.1.2
Sonatype Snapshots Repository: no namespace defined: using system
	no ivy file in cache for org.scala-sbt#sbt;1.1.2: tried D:\sbt\data\.ivy2\cache\org.scala-sbt\sbt\ivy-1.1.2.xml
	 trying https://oss.sonatype.org/content/repositories/snapshots/org/scala-sbt/sbt/1.1.2/sbt-1.1.2.pom
		tried https://oss.sonatype.org/content/repositories/snapshots/org/scala-sbt/sbt/1.1.2/sbt-1.1.2.pom
ERROR: Server access Error: Connection timed out: connect url=https://oss.sonatype.org/content/repositories/snapshots/org/scala-sbt/sbt/1.1.2/sbt-1.1.2.pom
	Sonatype Snapshots Repository: resource not reachable for org/scala-sbt#sbt;1.1.2: res=https://oss.sonatype.org/content/repositories/snapshots/org/scala-sbt/sbt/1.1.2/sbt-1.1.2.pom
	 trying https://oss.sonatype.org/content/repositories/snapshots/org/scala-sbt/sbt/1.1.2/sbt-1.1.2.jar
		tried https://oss.sonatype.org/content/repositories/snapshots/org/scala-sbt/sbt/1.1.2/sbt-1.1.2.jar
ERROR: Server access Error: Connection timed out: connect url=https://oss.sonatype.org/content/repositories/snapshots/org/scala-sbt/sbt/1.1.2/sbt-1.1.2.jar
	Sonatype Snapshots Repository: resource not reachable for org/scala-sbt#sbt;1.1.2: res=https://oss.sonatype.org/content/repositories/snapshots/org/scala-sbt/sbt/1.1.2/sbt-1.1.2.jar
	Sonatype Snapshots Repository: no ivy file nor artifact found for org.scala-sbt#sbt;1.1.2
WARN: 	module not found: org.scala-sbt#sbt;1.1.2
WARN: ==== local: tried
WARN:   D:\sbt\data\.ivy2\local\org.scala-sbt\sbt\1.1.2\ivys\ivy.xml
WARN:   -- artifact org.scala-sbt#sbt;1.1.2!sbt.jar:
WARN:   D:\sbt\data\.ivy2\local\org.scala-sbt\sbt\1.1.2\jars\sbt.jar
WARN: ==== aliyun: tried
WARN:   http://maven.aliyun.com/nexus/content/groups/public/org/scala-sbt/sbt/1.1.2/sbt-1.1.2.pom
WARN:   -- artifact org.scala-sbt#sbt;1.1.2!sbt.jar:
WARN:   http://maven.aliyun.com/nexus/content/groups/public/org/scala-sbt/sbt/1.1.2/sbt-1.1.2.jar
WARN: ==== typesafe: tried
WARN:   http://repo.typesafe.com/typesafe/ivy-releases/org.scala-sbt/sbt/1.1.2/ivys/ivy.xml
WARN: ==== Sonatype Releases Repository: tried
WARN:   https://oss.sonatype.org/content/repositories/releases/org/scala-sbt/sbt/1.1.2/sbt-1.1.2.pom
WARN:   -- artifact org.scala-sbt#sbt;1.1.2!sbt.jar:
WARN:   https://oss.sonatype.org/content/repositories/releases/org/scala-sbt/sbt/1.1.2/sbt-1.1.2.jar
WARN: ==== Maven Central: tried
WARN:   http://repo1.maven.org/maven2/org/scala-sbt/sbt/1.1.2/sbt-1.1.2.pom
WARN:   -- artifact org.scala-sbt#sbt;1.1.2!sbt.jar:
WARN:   http://repo1.maven.org/maven2/org/scala-sbt/sbt/1.1.2/sbt-1.1.2.jar
WARN: ==== Sonatype Snapshots Repository: tried
WARN:   https://oss.sonatype.org/content/repositories/snapshots/org/scala-sbt/sbt/1.1.2/sbt-1.1.2.pom
WARN:   -- artifact org.scala-sbt#sbt;1.1.2!sbt.jar:
WARN:   https://oss.sonatype.org/content/repositories/snapshots/org/scala-sbt/sbt/1.1.2/sbt-1.1.2.jar
Nbr of module to sort : 0
	resolved ivy file produced in cache
:: downloading artifacts ::
:: resolution report :: resolve 190430ms :: artifacts dl 0ms
WARN: 	::::::::::::::::::::::::::::::::::::::::::::::
WARN: 	::          UNRESOLVED DEPENDENCIES         ::
WARN: 	::::::::::::::::::::::::::::::::::::::::::::::
WARN: 	:: org.scala-sbt#sbt;1.1.2: not found
WARN: 	::::::::::::::::::::::::::::::::::::::::::::::

Nbr of module to sort : 0
	report for org.scala-sbt#boot-app;1.0 default produced in D:\sbt\data\boot\resolution-cache\org.scala-sbt-boot-app-default.xml
	resolve done (190430ms resolve - 0ms download)

:: problems summary ::
:::: WARNINGS
		module not found: org.scala-sbt#sbt;1.1.2

	==== local: tried

	  D:\sbt\data\.ivy2\local\org.scala-sbt\sbt\1.1.2\ivys\ivy.xml

	  -- artifact org.scala-sbt#sbt;1.1.2!sbt.jar:

	  D:\sbt\data\.ivy2\local\org.scala-sbt\sbt\1.1.2\jars\sbt.jar

	==== aliyun: tried

	  http://maven.aliyun.com/nexus/content/groups/public/org/scala-sbt/sbt/1.1.2/sbt-1.1.2.pom

	  -- artifact org.scala-sbt#sbt;1.1.2!sbt.jar:

	  http://maven.aliyun.com/nexus/content/groups/public/org/scala-sbt/sbt/1.1.2/sbt-1.1.2.jar

	==== typesafe: tried

	  http://repo.typesafe.com/typesafe/ivy-releases/org.scala-sbt/sbt/1.1.2/ivys/ivy.xml

	==== Sonatype Releases Repository: tried

	  https://oss.sonatype.org/content/repositories/releases/org/scala-sbt/sbt/1.1.2/sbt-1.1.2.pom

	  -- artifact org.scala-sbt#sbt;1.1.2!sbt.jar:

	  https://oss.sonatype.org/content/repositories/releases/org/scala-sbt/sbt/1.1.2/sbt-1.1.2.jar

	==== Maven Central: tried

	  http://repo1.maven.org/maven2/org/scala-sbt/sbt/1.1.2/sbt-1.1.2.pom

	  -- artifact org.scala-sbt#sbt;1.1.2!sbt.jar:

	  http://repo1.maven.org/maven2/org/scala-sbt/sbt/1.1.2/sbt-1.1.2.jar

	==== Sonatype Snapshots Repository: tried

	  https://oss.sonatype.org/content/repositories/snapshots/org/scala-sbt/sbt/1.1.2/sbt-1.1.2.pom

	  -- artifact org.scala-sbt#sbt;1.1.2!sbt.jar:

	  https://oss.sonatype.org/content/repositories/snapshots/org/scala-sbt/sbt/1.1.2/sbt-1.1.2.jar

		::::::::::::::::::::::::::::::::::::::::::::::

		::          UNRESOLVED DEPENDENCIES         ::

		::::::::::::::::::::::::::::::::::::::::::::::

		:: org.scala-sbt#sbt;1.1.2: not found

		::::::::::::::::::::::::::::::::::::::::::::::


:::: ERRORS
	Server access Error: Connection timed out: connect url=http://maven.aliyun.com/nexus/content/groups/public/org/scala-sbt/sbt/1.1.2/sbt-1.1.2.pom

	Server access Error: Connection timed out: connect url=http://maven.aliyun.com/nexus/content/groups/public/org/scala-sbt/sbt/1.1.2/sbt-1.1.2.jar

	Server access Error: Connection timed out: connect url=http://repo.typesafe.com/typesafe/ivy-releases/org.scala-sbt/sbt/1.1.2/ivys/ivy.xml

	Server access Error: Connection timed out: connect url=https://oss.sonatype.org/content/repositories/releases/org/scala-sbt/sbt/1.1.2/sbt-1.1.2.pom

	Server access Error: Connection timed out: connect url=https://oss.sonatype.org/content/repositories/releases/org/scala-sbt/sbt/1.1.2/sbt-1.1.2.jar

	Server access Error: Connection timed out: connect url=http://repo1.maven.org/maven2/org/scala-sbt/sbt/1.1.2/sbt-1.1.2.pom

	Server access Error: Connection timed out: connect url=http://repo1.maven.org/maven2/org/scala-sbt/sbt/1.1.2/sbt-1.1.2.jar

	Server access Error: Connection timed out: connect url=https://oss.sonatype.org/content/repositories/snapshots/org/scala-sbt/sbt/1.1.2/sbt-1.1.2.pom

	Server access Error: Connection timed out: connect url=https://oss.sonatype.org/content/repositories/snapshots/org/scala-sbt/sbt/1.1.2/sbt-1.1.2.jar


:: USE VERBOSE OR DEBUG MESSAGE LEVEL FOR MORE DETAILS
java.lang.RuntimeException: not found
	at org.apache.ivy.core.resolve.IvyNode.loadData(IvyNode.java:238)
	at org.apache.ivy.core.resolve.VisitNode.loadData(VisitNode.java:292)
	at org.apache.ivy.core.resolve.ResolveEngine.fetchDependencies(ResolveEngine.java:714)
	at org.apache.ivy.core.resolve.ResolveEngine.doFetchDependencies(ResolveEngine.java:799)
	at org.apache.ivy.core.resolve.ResolveEngine.fetchDependencies(ResolveEngine.java:722)
	at org.apache.ivy.core.resolve.ResolveEngine.getDependencies(ResolveEngine.java:594)
	at org.apache.ivy.core.resolve.ResolveEngine.resolve(ResolveEngine.java:234)
	at xsbt.boot.Update.xsbt$boot$Update$$lockedApply(Update.scala:105)
	at xsbt.boot.Update$$anon$4.call(Update.scala:99)
	at xsbt.boot.Locks$GlobalLock.withChannel$1(Locks.scala:95)
	at xsbt.boot.Locks$GlobalLock.xsbt$boot$Locks$GlobalLock$$withChannelRetries$1(Locks.scala:80)
	at xsbt.boot.Locks$GlobalLock$$anonfun$withFileLock$1.apply(Locks.scala:99)
	at xsbt.boot.Using$.withResource(Using.scala:10)
	at xsbt.boot.Using$.apply(Using.scala:9)
	at xsbt.boot.Locks$GlobalLock.ignoringDeadlockAvoided(Locks.scala:60)
	at xsbt.boot.Locks$GlobalLock.withLock(Locks.scala:50)
	at xsbt.boot.Locks$.apply0(Locks.scala:31)
	at xsbt.boot.Locks$.apply(Locks.scala:28)
	at xsbt.boot.Update.apply(Update.scala:100)
	at xsbt.boot.Launch.update(Launch.scala:352)
	at xsbt.boot.Launch.xsbt$boot$Launch$$retrieve$1(Launch.scala:208)
	at xsbt.boot.Launch$$anonfun$3.apply(Launch.scala:216)
	at scala.Option.getOrElse(Option.scala:120)
	at xsbt.boot.Launch.xsbt$boot$Launch$$getAppProvider0(Launch.scala:216)
	at xsbt.boot.Launch$$anon$2.call(Launch.scala:196)
	at xsbt.boot.Locks$GlobalLock.withChannel$1(Locks.scala:95)
	at xsbt.boot.Locks$GlobalLock.xsbt$boot$Locks$GlobalLock$$withChannelRetries$1(Locks.scala:80)
	at xsbt.boot.Locks$GlobalLock$$anonfun$withFileLock$1.apply(Locks.scala:99)
	at xsbt.boot.Using$.withResource(Using.scala:10)
	at xsbt.boot.Using$.apply(Using.scala:9)
	at xsbt.boot.Locks$GlobalLock.ignoringDeadlockAvoided(Locks.scala:60)
	at xsbt.boot.Locks$GlobalLock.withLock(Locks.scala:50)
	at xsbt.boot.Locks$.apply0(Locks.scala:31)
	at xsbt.boot.Locks$.apply(Locks.scala:28)
	at xsbt.boot.Launch.locked(Launch.scala:238)
	at xsbt.boot.Launch.app(Launch.scala:147)
	at xsbt.boot.Launch.app(Launch.scala:145)
	at xsbt.boot.Launch$.run(Launch.scala:102)
	at xsbt.boot.Launch$$anonfun$apply$1.apply(Launch.scala:35)
	at xsbt.boot.Launch$.launch(Launch.scala:117)
	at xsbt.boot.Launch$.apply(Launch.scala:18)
	at xsbt.boot.Boot$.runImpl(Boot.scala:41)
	at xsbt.boot.Boot$.main(Boot.scala:17)
	at xsbt.boot.Boot.main(Boot.scala)
Error during sbt execution: Error retrieving required libraries
	at xsbt.boot.Pre$.error(Pre.scala:26)
	at xsbt.boot.Update.xsbt$boot$Update$$lockedApply(Update.scala:105)
	at xsbt.boot.Update$$anon$4.call(Update.scala:99)
	at xsbt.boot.Locks$GlobalLock.withChannel$1(Locks.scala:95)
	at xsbt.boot.Locks$GlobalLock.xsbt$boot$Locks$GlobalLock$$withChannelRetries$1(Locks.scala:80)
	at xsbt.boot.Locks$GlobalLock$$anonfun$withFileLock$1.apply(Locks.scala:99)
	at xsbt.boot.Using$.withResource(Using.scala:10)
	at xsbt.boot.Using$.apply(Using.scala:9)
	at xsbt.boot.Locks$GlobalLock.ignoringDeadlockAvoided(Locks.scala:60)
	at xsbt.boot.Locks$GlobalLock.withLock(Locks.scala:50)
	at xsbt.boot.Locks$.apply0(Locks.scala:31)
	at xsbt.boot.Locks$.apply(Locks.scala:28)
	at xsbt.boot.Update.apply(Update.scala:100)
	at xsbt.boot.Launch.update(Launch.scala:352)
	at xsbt.boot.Launch.xsbt$boot$Launch$$retrieve$1(Launch.scala:208)
	at xsbt.boot.Launch$$anonfun$3.apply(Launch.scala:216)
	at scala.Option.getOrElse(Option.scala:120)
	at xsbt.boot.Launch.xsbt$boot$Launch$$getAppProvider0(Launch.scala:216)
	at xsbt.boot.Launch$$anon$2.call(Launch.scala:196)
	at xsbt.boot.Locks$GlobalLock.withChannel$1(Locks.scala:95)
	at xsbt.boot.Locks$GlobalLock.xsbt$boot$Locks$GlobalLock$$withChannelRetries$1(Locks.scala:80)
	at xsbt.boot.Locks$GlobalLock$$anonfun$withFileLock$1.apply(Locks.scala:99)
	at xsbt.boot.Using$.withResource(Using.scala:10)
	at xsbt.boot.Using$.apply(Using.scala:9)
	at xsbt.boot.Locks$GlobalLock.ignoringDeadlockAvoided(Locks.scala:60)
	at xsbt.boot.Locks$GlobalLock.withLock(Locks.scala:50)
	at xsbt.boot.Locks$.apply0(Locks.scala:31)
	at xsbt.boot.Locks$.apply(Locks.scala:28)
	at xsbt.boot.Launch.locked(Launch.scala:238)
	at xsbt.boot.Launch.app(Launch.scala:147)
	at xsbt.boot.Launch.app(Launch.scala:145)
	at xsbt.boot.Launch$.run(Launch.scala:102)
	at xsbt.boot.Launch$$anonfun$apply$1.apply(Launch.scala:35)
	at xsbt.boot.Launch$.launch(Launch.scala:117)
	at xsbt.boot.Launch$.apply(Launch.scala:18)
	at xsbt.boot.Boot$.runImpl(Boot.scala:41)
	at xsbt.boot.Boot$.main(Boot.scala:17)
	at xsbt.boot.Boot.main(Boot.scala)
Error during sbt execution: Error retrieving required libraries
